<?xml version="1.0" encoding="UTF-8"?>
<!-- Generated by org.testng.reporters.JUnitReportReporter -->
<testsuite hostname="DESKTOP-VHOIMVT" failures="0" tests="3" name="vtiger.Practise.DataProviderPractice" time="0.056" errors="0" timestamp="2023-03-27T10:51:36 IST" skipped="0">
  <testcase classname="vtiger.Practise.DataProviderPractice" name="printMobileDetails" time="0.008"/>
  <system-out/>
  <testcase classname="vtiger.Practise.DataProviderPractice" name="printLaptopDetails" time="0.013"/>
  <system-out/>
  <testcase classname="vtiger.Practise.DataProviderPractice" name="printMobileDetails" time="0.035"/>
  <system-out/>
</testsuite> <!-- vtiger.Practise.DataProviderPractice -->
