<?xml version="1.0" encoding="UTF-8"?>
<!-- Generated by org.testng.reporters.JUnitReportReporter -->
<testsuite hostname="DESKTOP-VHOIMVT" failures="0" tests="1" name="vtiger.Contacts.tests.CreateContactWithOrgNameTest" time="43.563" errors="0" timestamp="2023-04-05T11:23:44 IST" skipped="0">
  <testcase classname="vtiger.Contacts.tests.CreateContactWithOrgNameTest" name="CreateContactWithOrgName" time="43.563"/>
  <system-out>
    <![CDATA[Navigate to Organizations link
Click on Create Organization Look up Image
Create organization with mandatory Fields
validate for Organization
Create Contact
Validate for contact]]>
  </system-out>
</testsuite> <!-- vtiger.Contacts.tests.CreateContactWithOrgNameTest -->
