<?xml version="1.0" encoding="UTF-8"?>
<!-- Generated by org.testng.reporters.JUnitReportReporter -->
<testsuite hostname="DESKTOP-VHOIMVT" failures="0" tests="4" name="vtiger.Practise.TestNGPracticeTest" time="0.048" errors="0" timestamp="2023-03-24T10:48:56 IST" skipped="0">
  <testcase classname="vtiger.Practise.TestNGPracticeTest" name="createUsers" time="0.008"/>
  <system-out/>
  <testcase classname="vtiger.Practise.TestNGPracticeTest" name="createUsers" time="0.019"/>
  <system-out/>
  <testcase classname="vtiger.Practise.TestNGPracticeTest" name="deleteUser" time="0.010"/>
  <system-out/>
  <testcase classname="vtiger.Practise.TestNGPracticeTest" name="deleteUser" time="0.011"/>
  <system-out/>
</testsuite> <!-- vtiger.Practise.TestNGPracticeTest -->
