<?xml version="1.0" encoding="UTF-8"?>
<!-- Generated by org.testng.reporters.JUnitReportReporter -->
<testsuite hostname="DESKTOP-VHOIMVT" failures="0" tests="9" name="vtiger.Organisation.tests.CreateOrgwithIndustryTest" time="237.900" errors="0" timestamp="2023-03-30T10:40:54 IST" skipped="0">
  <testcase classname="vtiger.Organisation.tests.CreateOrgwithIndustryTest" name="CreateOrgwithIndustry" time="26.851"/>
  <system-out/>
  <testcase classname="vtiger.Organisation.tests.CreateOrgwithIndustryTest" name="CreateOrgwithIndustry" time="26.855"/>
  <system-out/>
  <testcase classname="vtiger.Organisation.tests.CreateOrgwithIndustryTest" name="CreateOrgwithIndustry" time="25.876"/>
  <system-out/>
  <testcase classname="vtiger.Organisation.tests.CreateOrgwithIndustryTest" name="CreateOrgwithIndustry" time="25.782"/>
  <system-out/>
  <testcase classname="vtiger.Organisation.tests.CreateOrgwithIndustryTest" name="CreateOrgwithIndustry" time="25.677"/>
  <system-out/>
  <testcase classname="vtiger.Organisation.tests.CreateOrgwithIndustryTest" name="CreateOrgwithIndustry" time="27.296"/>
  <system-out/>
  <testcase classname="vtiger.Organisation.tests.CreateOrgwithIndustryTest" name="CreateOrgwithIndustry" time="25.963"/>
  <system-out/>
  <testcase classname="vtiger.Organisation.tests.CreateOrgwithIndustryTest" name="CreateOrgwithIndustry" time="26.042"/>
  <system-out/>
  <testcase classname="vtiger.Organisation.tests.CreateOrgwithIndustryTest" name="CreateOrgwithIndustry" time="27.558"/>
  <system-out/>
</testsuite> <!-- vtiger.Organisation.tests.CreateOrgwithIndustryTest -->
